<?xml version="1.0" encoding="UTF-8"?>
<testng-results ignored="0" total="0" passed="0" failed="0" skipped="0">
  <reporter-output>
  </reporter-output>
  <suite started-at="2024-09-15T17:49:52 IST" name="DemoBlazeTestSuite" finished-at="2024-09-15T17:49:52 IST" duration-ms="16">
    <groups>
    </groups>
    <test started-at="2024-09-15T17:49:52 IST" name="Login and Signup Tests" finished-at="2024-09-15T17:49:52 IST" duration-ms="16">
    </test> <!-- Login and Signup Tests -->
  </suite> <!-- DemoBlazeTestSuite -->
</testng-results>
